<?xml version="1.0" encoding="UTF-8"?>
<!-- Generated by org.testng.reporters.JUnitXMLReporter -->
<testsuite ignored="0" hostname="DESKTOP-JGL1PCA" failures="0" tests="3" name="Default test" time="3.318" errors="0" timestamp="2022-05-05T09:39:12 IST">
  <testcase classname="demoproject.DynamicJson" name="add_book" time="2.973"/>
  <testcase classname="demoproject.DynamicJson" name="add_book" time="0.098"/>
  <testcase classname="demoproject.DynamicJson" name="add_book" time="0.106"/>
</testsuite> <!-- Default test -->
