<?xml version="1.0" encoding="UTF-8"?>
<testng-results ignored="0" total="3" passed="3" failed="0" skipped="0">
  <reporter-output>
  </reporter-output>
  <suite started-at="2022-05-05T09:39:09 IST" name="Default suite" finished-at="2022-05-05T09:39:12 IST" duration-ms="3318">
    <groups>
    </groups>
    <test started-at="2022-05-05T09:39:09 IST" name="Default test" finished-at="2022-05-05T09:39:12 IST" duration-ms="3318">
      <class name="demoproject.DynamicJson">
        <test-method signature="add_book(java.lang.String,java.lang.String)[pri:0, instance:demoproject.DynamicJson@51dcb805]" started-at="2022-05-05T09:39:09 IST" name="add_book" data-provider="Booksdata" finished-at="2022-05-05T09:39:12 IST" duration-ms="2973" status="PASS">
          <params>
            <param index="0">
              <value>
                <![CDATA[ghtt]]>
              </value>
            </param>
            <param index="1">
              <value>
                <![CDATA[8956]]>
              </value>
            </param>
          </params>
          <reporter-output>
          </reporter-output>
        </test-method> <!-- add_book -->
        <test-method signature="add_book(java.lang.String,java.lang.String)[pri:0, instance:demoproject.DynamicJson@51dcb805]" started-at="2022-05-05T09:39:12 IST" name="add_book" data-provider="Booksdata" finished-at="2022-05-05T09:39:12 IST" duration-ms="98" status="PASS">
          <params>
            <param index="0">
              <value>
                <![CDATA[trye]]>
              </value>
            </param>
            <param index="1">
              <value>
                <![CDATA[3685]]>
              </value>
            </param>
          </params>
          <reporter-output>
          </reporter-output>
        </test-method> <!-- add_book -->
        <test-method signature="add_book(java.lang.String,java.lang.String)[pri:0, instance:demoproject.DynamicJson@51dcb805]" started-at="2022-05-05T09:39:12 IST" name="add_book" data-provider="Booksdata" finished-at="2022-05-05T09:39:12 IST" duration-ms="106" status="PASS">
          <params>
            <param index="0">
              <value>
                <![CDATA[bcgf]]>
              </value>
            </param>
            <param index="1">
              <value>
                <![CDATA[0982]]>
              </value>
            </param>
          </params>
          <reporter-output>
          </reporter-output>
        </test-method> <!-- add_book -->
      </class> <!-- demoproject.DynamicJson -->
    </test> <!-- Default test -->
  </suite> <!-- Default suite -->
</testng-results>
